<?xml version="1.0" encoding="UTF-8"?>
<testng-results ignored="0" total="1" passed="1" failed="0" skipped="0">
  <reporter-output>
  </reporter-output>
  <suite started-at="2023-04-10T11:14:08 AEST" name="Suite" finished-at="2023-04-10T11:15:02 AEST" duration-ms="53741">
    <groups>
    </groups>
    <test started-at="2023-04-10T11:14:08 AEST" name="Test" finished-at="2023-04-10T11:15:02 AEST" duration-ms="53741">
      <class name="Interview.PlaceOrderTest">
        <test-method is-config="true" signature="InitializeDriver()[pri:0, instance:Interview.PlaceOrderTest@27f981c6]" started-at="2023-04-10T11:14:04 AEST" name="InitializeDriver" finished-at="2023-04-10T11:14:08 AEST" duration-ms="3917" status="PASS">
          <reporter-output>
          </reporter-output>
        </test-method> <!-- InitializeDriver -->
        <test-method is-config="true" signature="LogInDetails()[pri:0, instance:Interview.PlaceOrderTest@27f981c6]" started-at="2023-04-10T11:14:08 AEST" name="LogInDetails" finished-at="2023-04-10T11:14:11 AEST" duration-ms="3148" status="PASS">
          <reporter-output>
          </reporter-output>
        </test-method> <!-- LogInDetails -->
        <test-method signature="PlaceOrder()[pri:0, instance:Interview.PlaceOrderTest@27f981c6]" started-at="2023-04-10T11:14:11 AEST" name="PlaceOrder" finished-at="2023-04-10T11:15:02 AEST" duration-ms="50410" status="PASS">
          <reporter-output>
          </reporter-output>
        </test-method> <!-- PlaceOrder -->
        <test-method is-config="true" signature="CleanUp()[pri:0, instance:Interview.PlaceOrderTest@27f981c6]" started-at="2023-04-10T11:15:02 AEST" name="CleanUp" finished-at="2023-04-10T11:15:02 AEST" duration-ms="143" status="PASS">
          <reporter-output>
          </reporter-output>
        </test-method> <!-- CleanUp -->
      </class> <!-- Interview.PlaceOrderTest -->
    </test> <!-- Test -->
  </suite> <!-- Suite -->
</testng-results>
