<?xml version="1.0" encoding="UTF-8"?>
<!-- Generated by org.testng.reporters.JUnitXMLReporter -->
<testsuite ignored="0" hostname="HORNET" failures="0" tests="1" name="Address Page" time="0.009" errors="0" timestamp="2023-04-10T10:25:21 AEST">
  <testcase classname="Interview.AddressPageTest" name="@BeforeTest LogInDetails" time="0.001">
    <failure type="java.lang.NullPointerException" message="Cannot invoke &amp;quot;BaseClassesInterviewPractice.LandingPage.GoToSignIn()&amp;quot; because &amp;quot;this.objLandingPage&amp;quot; is null">
      <![CDATA[java.lang.NullPointerException: Cannot invoke "BaseClassesInterviewPractice.LandingPage.GoToSignIn()" because "this.objLandingPage" is null
at Interview.AddressPageTest.LogInDetails(AddressPageTest.java:22)
... Removed 24 stack frames]]>
    </failure>
  </testcase> <!-- @BeforeTest LogInDetails -->
  <testcase classname="Interview.AddressPageTest" name="@AfterTest CleanUp" time="-1.681086321437E9">
    <skipped/>
  </testcase> <!-- @AfterTest CleanUp -->
  <testcase classname="Interview.AddressPageTest" name="AddressforDelivery" time="0.0">
    <skipped/>
  </testcase> <!-- AddressforDelivery -->
</testsuite> <!-- Address Page -->
