<?xml version="1.0" encoding="UTF-8"?>
<!-- Generated by org.testng.reporters.JUnitXMLReporter -->
<testsuite ignored="0" hostname="HORNET" failures="1" tests="1" name="Login" time="0.132" errors="0" timestamp="2023-04-10T10:25:21 AEST">
  <testcase classname="Interview.ExistingUserLoginTest" name="Login" time="0.003">
    <failure type="java.lang.NullPointerException" message="Cannot invoke &amp;quot;BaseClassesInterviewPractice.LandingPage.GoToSignIn()&amp;quot; because &amp;quot;this.objLandingPage&amp;quot; is null">
      <![CDATA[java.lang.NullPointerException: Cannot invoke "BaseClassesInterviewPractice.LandingPage.GoToSignIn()" because "this.objLandingPage" is null
at Interview.ExistingUserLoginTest.Login(ExistingUserLoginTest.java:21)
at java.base/java.util.ArrayList.forEach(ArrayList.java:1511)
... Removed 27 stack frames]]>
    </failure>
  </testcase> <!-- Login -->
</testsuite> <!-- Login -->
